<?xml version="1.0" encoding="UTF-8"?>
<coverage generated="1735307522">
  <project timestamp="1735307522">
    <file name="/var/www/html/src/ApcuCache.php">
      <class name="Kuick\Cache\ApcuCache" namespace="global">
        <metrics complexity="18" methods="9" coveredmethods="9" conditionals="0" coveredconditionals="0" statements="21" coveredstatements="21" elements="30" coveredelements="30"/>
      </class>
      <line num="19" type="method" name="__construct" visibility="public" complexity="3" crap="3" count="6"/>
      <line num="21" type="stmt" count="6"/>
      <line num="27" type="method" name="get" visibility="public" complexity="2" crap="2" count="5"/>
      <line num="29" type="stmt" count="5"/>
      <line num="30" type="stmt" count="2"/>
      <line num="32" type="stmt" count="5"/>
      <line num="38" type="method" name="set" visibility="public" complexity="2" crap="2" count="6"/>
      <line num="40" type="stmt" count="6"/>
      <line num="41" type="stmt" count="6"/>
      <line num="47" type="method" name="setMultiple" visibility="public" complexity="3" crap="3" count="2"/>
      <line num="49" type="stmt" count="2"/>
      <line num="50" type="stmt" count="2"/>
      <line num="51" type="stmt" count="2"/>
      <line num="53" type="stmt" count="2"/>
      <line num="59" type="method" name="has" visibility="public" complexity="1" crap="1" count="6"/>
      <line num="61" type="stmt" count="6"/>
      <line num="67" type="method" name="delete" visibility="public" complexity="1" crap="1" count="2"/>
      <line num="69" type="stmt" count="2"/>
      <line num="75" type="method" name="deleteMultiple" visibility="public" complexity="3" crap="3" count="1"/>
      <line num="77" type="stmt" count="1"/>
      <line num="78" type="stmt" count="1"/>
      <line num="79" type="stmt" count="1"/>
      <line num="81" type="stmt" count="1"/>
      <line num="87" type="method" name="getMultiple" visibility="public" complexity="2" crap="2" count="1"/>
      <line num="89" type="stmt" count="1"/>
      <line num="90" type="stmt" count="1"/>
      <line num="91" type="stmt" count="1"/>
      <line num="93" type="stmt" count="1"/>
      <line num="99" type="method" name="clear" visibility="public" complexity="1" crap="1" count="1"/>
      <line num="101" type="stmt" count="1"/>
      <metrics loc="104" ncloc="73" classes="1" methods="9" coveredmethods="9" conditionals="0" coveredconditionals="0" statements="21" coveredstatements="21" elements="30" coveredelements="30"/>
    </file>
    <file name="/var/www/html/src/ArrayCache.php">
      <class name="Kuick\Cache\ArrayCache" namespace="global">
        <metrics complexity="15" methods="8" coveredmethods="8" conditionals="0" coveredconditionals="0" statements="23" coveredstatements="23" elements="31" coveredelements="31"/>
      </class>
      <line num="21" type="method" name="get" visibility="public" complexity="2" crap="2" count="6"/>
      <line num="23" type="stmt" count="6"/>
      <line num="24" type="stmt" count="3"/>
      <line num="26" type="stmt" count="6"/>
      <line num="29" type="method" name="set" visibility="public" complexity="2" crap="2" count="6"/>
      <line num="31" type="stmt" count="6"/>
      <line num="32" type="stmt" count="6"/>
      <line num="33" type="stmt" count="6"/>
      <line num="36" type="method" name="setMultiple" visibility="public" complexity="3" crap="3" count="2"/>
      <line num="38" type="stmt" count="2"/>
      <line num="39" type="stmt" count="2"/>
      <line num="40" type="stmt" count="2"/>
      <line num="42" type="stmt" count="2"/>
      <line num="45" type="method" name="has" visibility="public" complexity="1" crap="1" count="2"/>
      <line num="47" type="stmt" count="2"/>
      <line num="50" type="method" name="delete" visibility="public" complexity="1" crap="1" count="2"/>
      <line num="52" type="stmt" count="2"/>
      <line num="53" type="stmt" count="2"/>
      <line num="56" type="method" name="deleteMultiple" visibility="public" complexity="3" crap="3" count="1"/>
      <line num="58" type="stmt" count="1"/>
      <line num="59" type="stmt" count="1"/>
      <line num="60" type="stmt" count="1"/>
      <line num="62" type="stmt" count="1"/>
      <line num="65" type="method" name="getMultiple" visibility="public" complexity="2" crap="2" count="1"/>
      <line num="67" type="stmt" count="1"/>
      <line num="68" type="stmt" count="1"/>
      <line num="69" type="stmt" count="1"/>
      <line num="71" type="stmt" count="1"/>
      <line num="74" type="method" name="clear" visibility="public" complexity="1" crap="1" count="1"/>
      <line num="76" type="stmt" count="1"/>
      <line num="77" type="stmt" count="1"/>
      <metrics loc="80" ncloc="73" classes="1" methods="8" coveredmethods="8" conditionals="0" coveredconditionals="0" statements="23" coveredstatements="23" elements="31" coveredelements="31"/>
    </file>
    <file name="/var/www/html/src/CacheException.php">
      <class name="Kuick\Cache\CacheException" namespace="global">
        <metrics complexity="0" methods="0" coveredmethods="0" conditionals="0" coveredconditionals="0" statements="0" coveredstatements="0" elements="0" coveredelements="0"/>
      </class>
      <metrics loc="19" ncloc="12" classes="0" methods="0" coveredmethods="0" conditionals="0" coveredconditionals="0" statements="0" coveredstatements="0" elements="0" coveredelements="0"/>
    </file>
    <file name="/var/www/html/src/FileCache.php">
      <class name="Kuick\Cache\FileCache" namespace="global">
        <metrics complexity="23" methods="10" coveredmethods="10" conditionals="0" coveredconditionals="0" statements="37" coveredstatements="37" elements="47" coveredelements="47"/>
      </class>
      <line num="24" type="method" name="__construct" visibility="public" complexity="4" crap="4" count="9"/>
      <line num="26" type="stmt" count="9"/>
      <line num="27" type="stmt" count="1"/>
      <line num="29" type="stmt" count="9"/>
      <line num="30" type="stmt" count="1"/>
      <line num="37" type="method" name="get" visibility="public" complexity="3" crap="3" count="6"/>
      <line num="39" type="stmt" count="6"/>
      <line num="40" type="stmt" count="6"/>
      <line num="41" type="stmt" count="3"/>
      <line num="43" type="stmt" count="6"/>
      <line num="45" type="stmt" count="6"/>
      <line num="46" type="stmt" count="1"/>
      <line num="48" type="stmt" count="6"/>
      <line num="55" type="method" name="set" visibility="public" complexity="1" crap="1" count="8"/>
      <line num="57" type="stmt" count="8"/>
      <line num="58" type="stmt" count="6"/>
      <line num="59" type="stmt" count="6"/>
      <line num="66" type="method" name="setMultiple" visibility="public" complexity="3" crap="3" count="2"/>
      <line num="68" type="stmt" count="2"/>
      <line num="69" type="stmt" count="2"/>
      <line num="70" type="stmt" count="2"/>
      <line num="72" type="stmt" count="2"/>
      <line num="78" type="method" name="has" visibility="public" complexity="1" crap="1" count="2"/>
      <line num="80" type="stmt" count="2"/>
      <line num="87" type="method" name="delete" visibility="public" complexity="1" crap="1" count="2"/>
      <line num="89" type="stmt" count="2"/>
      <line num="96" type="method" name="deleteMultiple" visibility="public" complexity="3" crap="3" count="1"/>
      <line num="98" type="stmt" count="1"/>
      <line num="99" type="stmt" count="1"/>
      <line num="100" type="stmt" count="1"/>
      <line num="102" type="stmt" count="1"/>
      <line num="109" type="method" name="getMultiple" visibility="public" complexity="2" crap="2" count="1"/>
      <line num="111" type="stmt" count="1"/>
      <line num="112" type="stmt" count="1"/>
      <line num="113" type="stmt" count="1"/>
      <line num="115" type="stmt" count="1"/>
      <line num="118" type="method" name="clear" visibility="public" complexity="2" crap="2" count="1"/>
      <line num="121" type="stmt" count="1"/>
      <line num="122" type="stmt" count="1"/>
      <line num="123" type="stmt" count="1"/>
      <line num="125" type="stmt" count="1"/>
      <line num="131" type="method" name="calculateFilePath" visibility="private" complexity="3" crap="3" count="8"/>
      <line num="133" type="stmt" count="8"/>
      <line num="134" type="stmt" count="8"/>
      <line num="135" type="stmt" count="2"/>
      <line num="137" type="stmt" count="6"/>
      <line num="138" type="stmt" count="6"/>
      <metrics loc="141" ncloc="103" classes="1" methods="10" coveredmethods="10" conditionals="0" coveredconditionals="0" statements="37" coveredstatements="37" elements="47" coveredelements="47"/>
    </file>
    <file name="/var/www/html/src/InvalidArgumentException.php">
      <class name="Kuick\Cache\InvalidArgumentException" namespace="global">
        <metrics complexity="0" methods="0" coveredmethods="0" conditionals="0" coveredconditionals="0" statements="0" coveredstatements="0" elements="0" coveredelements="0"/>
      </class>
      <metrics loc="18" ncloc="11" classes="0" methods="0" coveredmethods="0" conditionals="0" coveredconditionals="0" statements="0" coveredstatements="0" elements="0" coveredelements="0"/>
    </file>
    <file name="/var/www/html/src/RedisCache.php">
      <class name="Kuick\Cache\RedisCache" namespace="global">
        <metrics complexity="16" methods="9" coveredmethods="9" conditionals="0" coveredconditionals="0" statements="21" coveredstatements="21" elements="30" coveredelements="30"/>
      </class>
      <line num="21" type="method" name="__construct" visibility="public" complexity="1" crap="1" count="6"/>
      <line num="23" type="stmt" count="6"/>
      <line num="28" type="method" name="get" visibility="public" complexity="2" crap="2" count="5"/>
      <line num="30" type="stmt" count="5"/>
      <line num="31" type="stmt" count="3"/>
      <line num="33" type="stmt" count="5"/>
      <line num="39" type="method" name="set" visibility="public" complexity="2" crap="2" count="6"/>
      <line num="41" type="stmt" count="6"/>
      <line num="42" type="stmt" count="6"/>
      <line num="48" type="method" name="setMultiple" visibility="public" complexity="3" crap="3" count="2"/>
      <line num="50" type="stmt" count="2"/>
      <line num="51" type="stmt" count="2"/>
      <line num="52" type="stmt" count="2"/>
      <line num="54" type="stmt" count="2"/>
      <line num="60" type="method" name="has" visibility="public" complexity="1" crap="1" count="6"/>
      <line num="62" type="stmt" count="6"/>
      <line num="68" type="method" name="delete" visibility="public" complexity="1" crap="1" count="2"/>
      <line num="70" type="stmt" count="2"/>
      <line num="76" type="method" name="deleteMultiple" visibility="public" complexity="3" crap="3" count="1"/>
      <line num="78" type="stmt" count="1"/>
      <line num="79" type="stmt" count="1"/>
      <line num="80" type="stmt" count="1"/>
      <line num="82" type="stmt" count="1"/>
      <line num="88" type="method" name="getMultiple" visibility="public" complexity="2" crap="2" count="1"/>
      <line num="90" type="stmt" count="1"/>
      <line num="91" type="stmt" count="1"/>
      <line num="92" type="stmt" count="1"/>
      <line num="94" type="stmt" count="1"/>
      <line num="100" type="method" name="clear" visibility="public" complexity="1" crap="1" count="1"/>
      <line num="102" type="stmt" count="1"/>
      <metrics loc="105" ncloc="74" classes="1" methods="9" coveredmethods="9" conditionals="0" coveredconditionals="0" statements="21" coveredstatements="21" elements="30" coveredelements="30"/>
    </file>
    <file name="/var/www/html/src/Utils/CacheFactory.php">
      <class name="Kuick\Cache\Utils\CacheFactory" namespace="global">
        <metrics complexity="5" methods="1" coveredmethods="1" conditionals="0" coveredconditionals="0" statements="12" coveredstatements="12" elements="13" coveredelements="13"/>
      </class>
      <line num="28" type="method" name="__invoke" visibility="public" complexity="5" crap="5" count="5"/>
      <line num="30" type="stmt" count="5"/>
      <line num="31" type="stmt" count="5"/>
      <line num="32" type="stmt" count="5"/>
      <line num="33" type="stmt" count="1"/>
      <line num="34" type="stmt" count="4"/>
      <line num="35" type="stmt" count="1"/>
      <line num="36" type="stmt" count="3"/>
      <line num="37" type="stmt" count="1"/>
      <line num="38" type="stmt" count="2"/>
      <line num="39" type="stmt" count="1"/>
      <line num="40" type="stmt" count="1"/>
      <line num="42" type="stmt" count="1"/>
      <metrics loc="45" ncloc="34" classes="1" methods="1" coveredmethods="1" conditionals="0" coveredconditionals="0" statements="12" coveredstatements="12" elements="13" coveredelements="13"/>
    </file>
    <file name="/var/www/html/src/Utils/CacheValueSerializer.php">
      <class name="Kuick\Cache\Utils\CacheValueSerializer" namespace="global">
        <metrics complexity="5" methods="2" coveredmethods="2" conditionals="0" coveredconditionals="0" statements="8" coveredstatements="8" elements="10" coveredelements="10"/>
      </class>
      <line num="17" type="method" name="serialize" visibility="public" complexity="2" crap="2" count="2"/>
      <line num="19" type="stmt" count="2"/>
      <line num="20" type="stmt" count="2"/>
      <line num="23" type="method" name="unserialize" visibility="public" complexity="3" crap="3" count="2"/>
      <line num="25" type="stmt" count="2"/>
      <line num="27" type="stmt" count="2"/>
      <line num="28" type="stmt" count="1"/>
      <line num="31" type="stmt" count="2"/>
      <line num="32" type="stmt" count="1"/>
      <line num="34" type="stmt" count="1"/>
      <metrics loc="37" ncloc="28" classes="1" methods="2" coveredmethods="2" conditionals="0" coveredconditionals="0" statements="8" coveredstatements="8" elements="10" coveredelements="10"/>
    </file>
    <metrics files="8" loc="549" ncloc="408" classes="6" methods="39" coveredmethods="39" conditionals="0" coveredconditionals="0" statements="122" coveredstatements="122" elements="161" coveredelements="161"/>
  </project>
</coverage>
